c:\users\niall\desktop\uni\4th year\co3301 - games development 2\tankassignment\debug\vc142.pdb
c:\users\niall\desktop\uni\4th year\co3301 - games development 2\tankassignment\debug\vc142.idb
c:\users\niall\desktop\uni\4th year\co3301 - games development 2\tankassignment\debug\cmatrix4x4.obj
c:\users\niall\desktop\uni\4th year\co3301 - games development 2\tankassignment\debug\cmatrix3x3.obj
c:\users\niall\desktop\uni\4th year\co3301 - games development 2\tankassignment\debug\cmatrix2x2.obj
c:\users\niall\desktop\uni\4th year\co3301 - games development 2\tankassignment\debug\basemath.obj
c:\users\niall\desktop\uni\4th year\co3301 - games development 2\tankassignment\debug\input.obj
c:\users\niall\desktop\uni\4th year\co3301 - games development 2\tankassignment\debug\tankentity.obj
c:\users\niall\desktop\uni\4th year\co3301 - games development 2\tankassignment\debug\shellentity.obj
c:\users\niall\desktop\uni\4th year\co3301 - games development 2\tankassignment\debug\cimportxfile.obj
c:\users\niall\desktop\uni\4th year\co3301 - games development 2\tankassignment\debug\rendermethod.obj
c:\users\niall\desktop\uni\4th year\co3301 - games development 2\tankassignment\debug\mesh.obj
c:\users\niall\desktop\uni\4th year\co3301 - games development 2\tankassignment\debug\utility.obj
c:\users\niall\desktop\uni\4th year\co3301 - games development 2\tankassignment\debug\msdefines.obj
c:\users\niall\desktop\uni\4th year\co3301 - games development 2\tankassignment\debug\ctimer.obj
c:\users\niall\desktop\uni\4th year\co3301 - games development 2\tankassignment\debug\chashtable.obj
c:\users\niall\desktop\uni\4th year\co3301 - games development 2\tankassignment\debug\cfatalexception.obj
c:\users\niall\desktop\uni\4th year\co3301 - games development 2\tankassignment\debug\messenger.obj
c:\users\niall\desktop\uni\4th year\co3301 - games development 2\tankassignment\debug\light.obj
c:\users\niall\desktop\uni\4th year\co3301 - games development 2\tankassignment\debug\entitymanager.obj
c:\users\niall\desktop\uni\4th year\co3301 - games development 2\tankassignment\debug\entity.obj
c:\users\niall\desktop\uni\4th year\co3301 - games development 2\tankassignment\debug\camera.obj
c:\users\niall\desktop\uni\4th year\co3301 - games development 2\tankassignment\debug\tankassignment.obj
c:\users\niall\desktop\uni\4th year\co3301 - games development 2\tankassignment\debug\mainapp.obj
c:\users\niall\desktop\uni\4th year\co3301 - games development 2\tankassignment\debug\mathio.obj
c:\users\niall\desktop\uni\4th year\co3301 - games development 2\tankassignment\debug\cvector4.obj
c:\users\niall\desktop\uni\4th year\co3301 - games development 2\tankassignment\debug\cvector3.obj
c:\users\niall\desktop\uni\4th year\co3301 - games development 2\tankassignment\debug\cvector2.obj
c:\users\niall\desktop\uni\4th year\co3301 - games development 2\tankassignment\debug\cquattransform.obj
c:\users\niall\desktop\uni\4th year\co3301 - games development 2\tankassignment\debug\cquaternion.obj
c:\users\niall\desktop\uni\4th year\co3301 - games development 2\tankassignment\tankassignment.pdb
c:\users\niall\desktop\uni\4th year\co3301 - games development 2\tankassignment\debug\tankassignment.tlog\cl.command.1.tlog
c:\users\niall\desktop\uni\4th year\co3301 - games development 2\tankassignment\debug\tankassignment.tlog\cl.read.1.tlog
c:\users\niall\desktop\uni\4th year\co3301 - games development 2\tankassignment\debug\tankassignment.tlog\cl.write.1.tlog
c:\users\niall\desktop\uni\4th year\co3301 - games development 2\tankassignment\debug\tankassignment.tlog\link-cvtres.read.1.tlog
c:\users\niall\desktop\uni\4th year\co3301 - games development 2\tankassignment\debug\tankassignment.tlog\link-cvtres.write.1.tlog
c:\users\niall\desktop\uni\4th year\co3301 - games development 2\tankassignment\debug\tankassignment.tlog\link-rc.read.1.tlog
c:\users\niall\desktop\uni\4th year\co3301 - games development 2\tankassignment\debug\tankassignment.tlog\link-rc.write.1.tlog
c:\users\niall\desktop\uni\4th year\co3301 - games development 2\tankassignment\debug\tankassignment.tlog\link.11832-cvtres.read.1.tlog
c:\users\niall\desktop\uni\4th year\co3301 - games development 2\tankassignment\debug\tankassignment.tlog\link.11832-cvtres.write.1.tlog
c:\users\niall\desktop\uni\4th year\co3301 - games development 2\tankassignment\debug\tankassignment.tlog\link.11832-rc.read.1.tlog
c:\users\niall\desktop\uni\4th year\co3301 - games development 2\tankassignment\debug\tankassignment.tlog\link.11832-rc.write.1.tlog
c:\users\niall\desktop\uni\4th year\co3301 - games development 2\tankassignment\debug\tankassignment.tlog\link.11832.read.1.tlog
c:\users\niall\desktop\uni\4th year\co3301 - games development 2\tankassignment\debug\tankassignment.tlog\link.11832.write.1.tlog
c:\users\niall\desktop\uni\4th year\co3301 - games development 2\tankassignment\debug\tankassignment.tlog\link.command.1.tlog
c:\users\niall\desktop\uni\4th year\co3301 - games development 2\tankassignment\debug\tankassignment.tlog\link.read.1.tlog
c:\users\niall\desktop\uni\4th year\co3301 - games development 2\tankassignment\debug\tankassignment.tlog\link.write.1.tlog
